{
  "stats": {
    "suites": 12,
    "tests": 41,
    "passes": 0,
    "pending": 0,
    "failures": 41,
    "start": "2021-11-22T18:56:02.106Z",
    "end": "2021-11-22T18:59:01.488Z",
    "duration": 179382,
    "testsRegistered": 41,
    "passPercent": 0,
    "pendingPercent": 0,
    "other": 0,
    "hasOther": false,
    "skipped": 0,
    "hasSkipped": false
  },
  "results": [
    {
      "uuid": "84b2576d-bc97-470e-a8f6-212fa2aefd12",
      "title": "",
      "fullFile": "cypress/integration/project.spec.js",
      "file": "cypress/integration/project.spec.js",
      "beforeHooks": [],
      "afterHooks": [],
      "tests": [],
      "suites": [
        {
          "uuid": "19e0c0b0-8c44-458c-9e70-f79757dee15b",
          "title": "1 - Adicione à página o título \"Paleta de Cores\".",
          "fullFile": "",
          "file": "",
          "beforeHooks": [],
          "afterHooks": [],
          "tests": [
            {
              "title": "Verifica se contém um elemento `h1` com o id `title` com o título correto",
              "fullTitle": "1 - Adicione à página o título \"Paleta de Cores\". Verifica se contém um elemento `h1` com o id `title` com o título correto",
              "timedOut": null,
              "duration": 4279,
              "state": "failed",
              "speed": null,
              "pass": false,
              "fail": true,
              "pending": false,
              "context": null,
              "code": "cy.get('h1#title').should('contain.text', 'Paleta de Cores');",
              "err": {
                "message": "CypressError: Timed out retrying: Expected to find element: 'h1#title', but never found it.",
                "estack": "CypressError: Timed out retrying: Expected to find element: 'h1#title', but never found it.\n    at cypressErr (http://localhost:37627/__cypress/runner/cypress_runner.js:149934:9)\n    at throwErr (http://localhost:37627/__cypress/runner/cypress_runner.js:149867:11)\n    at Object.throwErrByPath (http://localhost:37627/__cypress/runner/cypress_runner.js:149915:3)\n    at retry (http://localhost:37627/__cypress/runner/cypress_runner.js:144197:19)\n    at onFailFn (http://localhost:37627/__cypress/runner/cypress_runner.js:132448:16)\n    at tryCatcher (http://localhost:37627/__cypress/runner/cypress_runner.js:167415:23)\n    at Promise._settlePromiseFromHandler (http://localhost:37627/__cypress/runner/cypress_runner.js:165351:31)\n    at Promise._settlePromise (http://localhost:37627/__cypress/runner/cypress_runner.js:165408:18)\n    at Promise._settlePromise0 (http://localhost:37627/__cypress/runner/cypress_runner.js:165453:10)\n    at Promise._settlePromises (http://localhost:37627/__cypress/runner/cypress_runner.js:165528:18)\n    at Async../node_modules/bluebird/js/release/async.js.Async._drainQueue (http://localhost:37627/__cypress/runner/cypress_runner.js:162140:16)\n    at Async../node_modules/bluebird/js/release/async.js.Async._drainQueues (http://localhost:37627/__cypress/runner/cypress_runner.js:162150:10)\n    at Async.drainQueues (http://localhost:37627/__cypress/runner/cypress_runner.js:162024:14)",
                "diff": null
              },
              "uuid": "99bb009f-a8c6-45e9-91c8-d5010b41db0c",
              "parentUUID": "19e0c0b0-8c44-458c-9e70-f79757dee15b",
              "isHook": false,
              "skipped": false
            }
          ],
          "suites": [],
          "passes": [],
          "failures": [
            "99bb009f-a8c6-45e9-91c8-d5010b41db0c"
          ],
          "pending": [],
          "skipped": [],
          "duration": 4279,
          "root": false,
          "rootEmpty": false,
          "_timeout": 2000
        },
        {
          "uuid": "efb98a21-9033-4e0d-b563-a26f0376bd9e",
          "title": "2 - Adicione à página uma paleta de quatro cores distintas.",
          "fullFile": "",
          "file": "",
          "beforeHooks": [],
          "afterHooks": [],
          "tests": [
            {
              "title": "A paleta de cores deve ser um elemento com `id` denominado `color-palette`",
              "fullTitle": "2 - Adicione à página uma paleta de quatro cores distintas. A paleta de cores deve ser um elemento com `id` denominado `color-palette`",
              "timedOut": null,
              "duration": 4312,
              "state": "failed",
              "speed": null,
              "pass": false,
              "fail": true,
              "pending": false,
              "context": null,
              "code": "cy.get('#color-palette').should('be.visible');\ncy.get('#color-palette').children('.color');",
              "err": {
                "message": "CypressError: Timed out retrying: Expected to find element: '#color-palette', but never found it.",
                "estack": "CypressError: Timed out retrying: Expected to find element: '#color-palette', but never found it.\n    at cypressErr (http://localhost:37627/__cypress/runner/cypress_runner.js:149934:9)\n    at throwErr (http://localhost:37627/__cypress/runner/cypress_runner.js:149867:11)\n    at Object.throwErrByPath (http://localhost:37627/__cypress/runner/cypress_runner.js:149915:3)\n    at retry (http://localhost:37627/__cypress/runner/cypress_runner.js:144197:19)\n    at onFailFn (http://localhost:37627/__cypress/runner/cypress_runner.js:132448:16)\n    at tryCatcher (http://localhost:37627/__cypress/runner/cypress_runner.js:167415:23)\n    at Promise._settlePromiseFromHandler (http://localhost:37627/__cypress/runner/cypress_runner.js:165351:31)\n    at Promise._settlePromise (http://localhost:37627/__cypress/runner/cypress_runner.js:165408:18)\n    at Promise._settlePromise0 (http://localhost:37627/__cypress/runner/cypress_runner.js:165453:10)\n    at Promise._settlePromises (http://localhost:37627/__cypress/runner/cypress_runner.js:165528:18)\n    at Async../node_modules/bluebird/js/release/async.js.Async._drainQueue (http://localhost:37627/__cypress/runner/cypress_runner.js:162140:16)\n    at Async../node_modules/bluebird/js/release/async.js.Async._drainQueues (http://localhost:37627/__cypress/runner/cypress_runner.js:162150:10)\n    at Async.drainQueues (http://localhost:37627/__cypress/runner/cypress_runner.js:162024:14)",
                "diff": null
              },
              "uuid": "5c13f587-4ff0-44e3-b522-e00ac8c6c046",
              "parentUUID": "efb98a21-9033-4e0d-b563-a26f0376bd9e",
              "isHook": false,
              "skipped": false
            },
            {
              "title": "Verifica se cada cor individual da paleta de cores possui a `classe` chamada `color`.",
              "fullTitle": "2 - Adicione à página uma paleta de quatro cores distintas. Verifica se cada cor individual da paleta de cores possui a `classe` chamada `color`.",
              "timedOut": null,
              "duration": 4357,
              "state": "failed",
              "speed": null,
              "pass": false,
              "fail": true,
              "pending": false,
              "context": null,
              "code": "cy.get('.color').should('have.length', 4).then(function (colors) {\n  for (var i = 0; i < colors.length; i++) {\n    cy.wrap(colors[i]).should('be.visible');\n  }\n});",
              "err": {
                "message": "CypressError: Timed out retrying: Expected to find element: '.color', but never found it.",
                "estack": "CypressError: Timed out retrying: Expected to find element: '.color', but never found it.\n    at cypressErr (http://localhost:37627/__cypress/runner/cypress_runner.js:149934:9)\n    at throwErr (http://localhost:37627/__cypress/runner/cypress_runner.js:149867:11)\n    at Object.throwErrByPath (http://localhost:37627/__cypress/runner/cypress_runner.js:149915:3)\n    at retry (http://localhost:37627/__cypress/runner/cypress_runner.js:144197:19)\n    at onFailFn (http://localhost:37627/__cypress/runner/cypress_runner.js:132448:16)\n    at tryCatcher (http://localhost:37627/__cypress/runner/cypress_runner.js:167415:23)\n    at Promise._settlePromiseFromHandler (http://localhost:37627/__cypress/runner/cypress_runner.js:165351:31)\n    at Promise._settlePromise (http://localhost:37627/__cypress/runner/cypress_runner.js:165408:18)\n    at Promise._settlePromise0 (http://localhost:37627/__cypress/runner/cypress_runner.js:165453:10)\n    at Promise._settlePromises (http://localhost:37627/__cypress/runner/cypress_runner.js:165528:18)\n    at Async../node_modules/bluebird/js/release/async.js.Async._drainQueue (http://localhost:37627/__cypress/runner/cypress_runner.js:162140:16)\n    at Async../node_modules/bluebird/js/release/async.js.Async._drainQueues (http://localhost:37627/__cypress/runner/cypress_runner.js:162150:10)\n    at Async.drainQueues (http://localhost:37627/__cypress/runner/cypress_runner.js:162024:14)",
                "diff": null
              },
              "uuid": "0a73ccfc-4ce8-4018-8cbd-c73d37cc677f",
              "parentUUID": "efb98a21-9033-4e0d-b563-a26f0376bd9e",
              "isHook": false,
              "skipped": false
            },
            {
              "title": "Verifica se a cor de fundo de cada elemento da paleta é a cor que o elemento representa. **A única cor não permitida na paleta é a cor branca.**",
              "fullTitle": "2 - Adicione à página uma paleta de quatro cores distintas. Verifica se a cor de fundo de cada elemento da paleta é a cor que o elemento representa. **A única cor não permitida na paleta é a cor branca.**",
              "timedOut": null,
              "duration": 4361,
              "state": "failed",
              "speed": null,
              "pass": false,
              "fail": true,
              "pending": false,
              "context": null,
              "code": "cy.get('.color').each(function (color) {\n  cy.wrap(color).should('have.class', 'color').and('not.have.css', 'background-color', WHITE);\n  cy.wrap(color).should('have.css', 'background-color');\n});",
              "err": {
                "message": "CypressError: Timed out retrying: Expected to find element: '.color', but never found it.",
                "estack": "CypressError: Timed out retrying: Expected to find element: '.color', but never found it.\n    at cypressErr (http://localhost:37627/__cypress/runner/cypress_runner.js:149934:9)\n    at throwErr (http://localhost:37627/__cypress/runner/cypress_runner.js:149867:11)\n    at Object.throwErrByPath (http://localhost:37627/__cypress/runner/cypress_runner.js:149915:3)\n    at retry (http://localhost:37627/__cypress/runner/cypress_runner.js:144197:19)\n    at onFailFn (http://localhost:37627/__cypress/runner/cypress_runner.js:132448:16)\n    at tryCatcher (http://localhost:37627/__cypress/runner/cypress_runner.js:167415:23)\n    at Promise._settlePromiseFromHandler (http://localhost:37627/__cypress/runner/cypress_runner.js:165351:31)\n    at Promise._settlePromise (http://localhost:37627/__cypress/runner/cypress_runner.js:165408:18)\n    at Promise._settlePromise0 (http://localhost:37627/__cypress/runner/cypress_runner.js:165453:10)\n    at Promise._settlePromises (http://localhost:37627/__cypress/runner/cypress_runner.js:165528:18)\n    at Async../node_modules/bluebird/js/release/async.js.Async._drainQueue (http://localhost:37627/__cypress/runner/cypress_runner.js:162140:16)\n    at Async../node_modules/bluebird/js/release/async.js.Async._drainQueues (http://localhost:37627/__cypress/runner/cypress_runner.js:162150:10)\n    at Async.drainQueues (http://localhost:37627/__cypress/runner/cypress_runner.js:162024:14)",
                "diff": null
              },
              "uuid": "6138a74b-feba-4aa0-aa9a-2a67f423bd0d",
              "parentUUID": "efb98a21-9033-4e0d-b563-a26f0376bd9e",
              "isHook": false,
              "skipped": false
            },
            {
              "title": "Verifica se cada elemento da paleta de cores tem uma borda preta, sólida e com 1 pixel de largura;",
              "fullTitle": "2 - Adicione à página uma paleta de quatro cores distintas. Verifica se cada elemento da paleta de cores tem uma borda preta, sólida e com 1 pixel de largura;",
              "timedOut": null,
              "duration": 4359,
              "state": "failed",
              "speed": null,
              "pass": false,
              "fail": true,
              "pending": false,
              "context": null,
              "code": "cy.get('.color').each(function (color) {\n  cy.wrap(color).and('have.css', 'border', \"1px solid \".concat(BLACK)).and('have.class', 'color');\n});",
              "err": {
                "message": "CypressError: Timed out retrying: Expected to find element: '.color', but never found it.",
                "estack": "CypressError: Timed out retrying: Expected to find element: '.color', but never found it.\n    at cypressErr (http://localhost:37627/__cypress/runner/cypress_runner.js:149934:9)\n    at throwErr (http://localhost:37627/__cypress/runner/cypress_runner.js:149867:11)\n    at Object.throwErrByPath (http://localhost:37627/__cypress/runner/cypress_runner.js:149915:3)\n    at retry (http://localhost:37627/__cypress/runner/cypress_runner.js:144197:19)\n    at onFailFn (http://localhost:37627/__cypress/runner/cypress_runner.js:132448:16)\n    at tryCatcher (http://localhost:37627/__cypress/runner/cypress_runner.js:167415:23)\n    at Promise._settlePromiseFromHandler (http://localhost:37627/__cypress/runner/cypress_runner.js:165351:31)\n    at Promise._settlePromise (http://localhost:37627/__cypress/runner/cypress_runner.js:165408:18)\n    at Promise._settlePromise0 (http://localhost:37627/__cypress/runner/cypress_runner.js:165453:10)\n    at Promise._settlePromises (http://localhost:37627/__cypress/runner/cypress_runner.js:165528:18)\n    at Async../node_modules/bluebird/js/release/async.js.Async._drainQueue (http://localhost:37627/__cypress/runner/cypress_runner.js:162140:16)\n    at Async../node_modules/bluebird/js/release/async.js.Async._drainQueues (http://localhost:37627/__cypress/runner/cypress_runner.js:162150:10)\n    at Async.drainQueues (http://localhost:37627/__cypress/runner/cypress_runner.js:162024:14)",
                "diff": null
              },
              "uuid": "f6587e12-a7e7-4358-811d-8982c80fe4d3",
              "parentUUID": "efb98a21-9033-4e0d-b563-a26f0376bd9e",
              "isHook": false,
              "skipped": false
            },
            {
              "title": "Verifica se a paleta lista todas as cores disponíveis para utilização, lado a lado.",
              "fullTitle": "2 - Adicione à página uma paleta de quatro cores distintas. Verifica se a paleta lista todas as cores disponíveis para utilização, lado a lado.",
              "timedOut": null,
              "duration": 4335,
              "state": "failed",
              "speed": null,
              "pass": false,
              "fail": true,
              "pending": false,
              "context": null,
              "code": "cy.get('.color').then(function (colors) {\n  for (var index = 1; index < colors.length; index += 1) {\n    var currentColor = colors[index];\n    var previousColor = colors[index - 1];\n    cy.wrap(currentColor).should('be.onTheRightOf', previousColor).and('be.horizontallyAlignedWith', previousColor);\n  }\n});",
              "err": {
                "message": "CypressError: Timed out retrying: Expected to find element: '.color', but never found it.",
                "estack": "CypressError: Timed out retrying: Expected to find element: '.color', but never found it.\n    at cypressErr (http://localhost:37627/__cypress/runner/cypress_runner.js:149934:9)\n    at throwErr (http://localhost:37627/__cypress/runner/cypress_runner.js:149867:11)\n    at Object.throwErrByPath (http://localhost:37627/__cypress/runner/cypress_runner.js:149915:3)\n    at retry (http://localhost:37627/__cypress/runner/cypress_runner.js:144197:19)\n    at onFailFn (http://localhost:37627/__cypress/runner/cypress_runner.js:132448:16)\n    at tryCatcher (http://localhost:37627/__cypress/runner/cypress_runner.js:167415:23)\n    at Promise._settlePromiseFromHandler (http://localhost:37627/__cypress/runner/cypress_runner.js:165351:31)\n    at Promise._settlePromise (http://localhost:37627/__cypress/runner/cypress_runner.js:165408:18)\n    at Promise._settlePromise0 (http://localhost:37627/__cypress/runner/cypress_runner.js:165453:10)\n    at Promise._settlePromises (http://localhost:37627/__cypress/runner/cypress_runner.js:165528:18)\n    at Async../node_modules/bluebird/js/release/async.js.Async._drainQueue (http://localhost:37627/__cypress/runner/cypress_runner.js:162140:16)\n    at Async../node_modules/bluebird/js/release/async.js.Async._drainQueues (http://localhost:37627/__cypress/runner/cypress_runner.js:162150:10)\n    at Async.drainQueues (http://localhost:37627/__cypress/runner/cypress_runner.js:162024:14)",
                "diff": null
              },
              "uuid": "90d98986-aa85-46a3-a0bb-ead5c47fb815",
              "parentUUID": "efb98a21-9033-4e0d-b563-a26f0376bd9e",
              "isHook": false,
              "skipped": false
            },
            {
              "title": "Verifica se a paleta de cores está posicionada abaixo do título 'Paleta de Cores'",
              "fullTitle": "2 - Adicione à página uma paleta de quatro cores distintas. Verifica se a paleta de cores está posicionada abaixo do título 'Paleta de Cores'",
              "timedOut": null,
              "duration": 4300,
              "state": "failed",
              "speed": null,
              "pass": false,
              "fail": true,
              "pending": false,
              "context": null,
              "code": "cy.get('h1#title').then(function (title) {\n  cy.get('#color-palette').should('be.belowOf', title);\n});",
              "err": {
                "message": "CypressError: Timed out retrying: Expected to find element: 'h1#title', but never found it.",
                "estack": "CypressError: Timed out retrying: Expected to find element: 'h1#title', but never found it.\n    at cypressErr (http://localhost:37627/__cypress/runner/cypress_runner.js:149934:9)\n    at throwErr (http://localhost:37627/__cypress/runner/cypress_runner.js:149867:11)\n    at Object.throwErrByPath (http://localhost:37627/__cypress/runner/cypress_runner.js:149915:3)\n    at retry (http://localhost:37627/__cypress/runner/cypress_runner.js:144197:19)\n    at onFailFn (http://localhost:37627/__cypress/runner/cypress_runner.js:132448:16)\n    at tryCatcher (http://localhost:37627/__cypress/runner/cypress_runner.js:167415:23)\n    at Promise._settlePromiseFromHandler (http://localhost:37627/__cypress/runner/cypress_runner.js:165351:31)\n    at Promise._settlePromise (http://localhost:37627/__cypress/runner/cypress_runner.js:165408:18)\n    at Promise._settlePromise0 (http://localhost:37627/__cypress/runner/cypress_runner.js:165453:10)\n    at Promise._settlePromises (http://localhost:37627/__cypress/runner/cypress_runner.js:165528:18)\n    at Async../node_modules/bluebird/js/release/async.js.Async._drainQueue (http://localhost:37627/__cypress/runner/cypress_runner.js:162140:16)\n    at Async../node_modules/bluebird/js/release/async.js.Async._drainQueues (http://localhost:37627/__cypress/runner/cypress_runner.js:162150:10)\n    at Async.drainQueues (http://localhost:37627/__cypress/runner/cypress_runner.js:162024:14)",
                "diff": null
              },
              "uuid": "7114a5be-a150-46df-bd60-669bc37c96b1",
              "parentUUID": "efb98a21-9033-4e0d-b563-a26f0376bd9e",
              "isHook": false,
              "skipped": false
            },
            {
              "title": "Verifica se a paleta de cores não contém cores repetidas.",
              "fullTitle": "2 - Adicione à página uma paleta de quatro cores distintas. Verifica se a paleta de cores não contém cores repetidas.",
              "timedOut": null,
              "duration": 4320,
              "state": "failed",
              "speed": null,
              "pass": false,
              "fail": true,
              "pending": false,
              "context": null,
              "code": "cy.get('.color').then(function (colors) {\n  var allColors = Array.from(colors).map(function (color) {\n    return Cypress.$(color).css('background-color');\n  });\n  cy.log(allColors);\n  var uniqColors = (0, _toConsumableArray2[\"default\"])(new Set(allColors));\n  cy.log(uniqColors);\n  expect(allColors.length).to.eq(uniqColors.length);\n});",
              "err": {
                "message": "CypressError: Timed out retrying: Expected to find element: '.color', but never found it.",
                "estack": "CypressError: Timed out retrying: Expected to find element: '.color', but never found it.\n    at cypressErr (http://localhost:37627/__cypress/runner/cypress_runner.js:149934:9)\n    at throwErr (http://localhost:37627/__cypress/runner/cypress_runner.js:149867:11)\n    at Object.throwErrByPath (http://localhost:37627/__cypress/runner/cypress_runner.js:149915:3)\n    at retry (http://localhost:37627/__cypress/runner/cypress_runner.js:144197:19)\n    at onFailFn (http://localhost:37627/__cypress/runner/cypress_runner.js:132448:16)\n    at tryCatcher (http://localhost:37627/__cypress/runner/cypress_runner.js:167415:23)\n    at Promise._settlePromiseFromHandler (http://localhost:37627/__cypress/runner/cypress_runner.js:165351:31)\n    at Promise._settlePromise (http://localhost:37627/__cypress/runner/cypress_runner.js:165408:18)\n    at Promise._settlePromise0 (http://localhost:37627/__cypress/runner/cypress_runner.js:165453:10)\n    at Promise._settlePromises (http://localhost:37627/__cypress/runner/cypress_runner.js:165528:18)\n    at Async../node_modules/bluebird/js/release/async.js.Async._drainQueue (http://localhost:37627/__cypress/runner/cypress_runner.js:162140:16)\n    at Async../node_modules/bluebird/js/release/async.js.Async._drainQueues (http://localhost:37627/__cypress/runner/cypress_runner.js:162150:10)\n    at Async.drainQueues (http://localhost:37627/__cypress/runner/cypress_runner.js:162024:14)",
                "diff": null
              },
              "uuid": "e1e61650-7388-4f28-aff1-1f3fbcd7affe",
              "parentUUID": "efb98a21-9033-4e0d-b563-a26f0376bd9e",
              "isHook": false,
              "skipped": false
            }
          ],
          "suites": [],
          "passes": [],
          "failures": [
            "5c13f587-4ff0-44e3-b522-e00ac8c6c046",
            "0a73ccfc-4ce8-4018-8cbd-c73d37cc677f",
            "6138a74b-feba-4aa0-aa9a-2a67f423bd0d",
            "f6587e12-a7e7-4358-811d-8982c80fe4d3",
            "90d98986-aa85-46a3-a0bb-ead5c47fb815",
            "7114a5be-a150-46df-bd60-669bc37c96b1",
            "e1e61650-7388-4f28-aff1-1f3fbcd7affe"
          ],
          "pending": [],
          "skipped": [],
          "duration": 30344,
          "root": false,
          "rootEmpty": false,
          "_timeout": 2000
        },
        {
          "uuid": "a984ff5d-8ecb-4b80-a336-709e79cfd92e",
          "title": "3 - Adicione a cor **preta** como a primeira cor da paleta de cores.",
          "fullFile": "",
          "file": "",
          "beforeHooks": [],
          "afterHooks": [],
          "tests": [
            {
              "title": "Verifica se a primeira cor da paleta é preta",
              "fullTitle": "3 - Adicione a cor **preta** como a primeira cor da paleta de cores. Verifica se a primeira cor da paleta é preta",
              "timedOut": null,
              "duration": 4273,
              "state": "failed",
              "speed": null,
              "pass": false,
              "fail": true,
              "pending": false,
              "context": null,
              "code": "cy.get('.color').first().should('have.css', 'background-color', BLACK);",
              "err": {
                "message": "CypressError: Timed out retrying: Expected to find element: '.color', but never found it.",
                "estack": "CypressError: Timed out retrying: Expected to find element: '.color', but never found it.\n    at cypressErr (http://localhost:37627/__cypress/runner/cypress_runner.js:149934:9)\n    at throwErr (http://localhost:37627/__cypress/runner/cypress_runner.js:149867:11)\n    at Object.throwErrByPath (http://localhost:37627/__cypress/runner/cypress_runner.js:149915:3)\n    at retry (http://localhost:37627/__cypress/runner/cypress_runner.js:144197:19)\n    at onFailFn (http://localhost:37627/__cypress/runner/cypress_runner.js:132448:16)\n    at tryCatcher (http://localhost:37627/__cypress/runner/cypress_runner.js:167415:23)\n    at Promise._settlePromiseFromHandler (http://localhost:37627/__cypress/runner/cypress_runner.js:165351:31)\n    at Promise._settlePromise (http://localhost:37627/__cypress/runner/cypress_runner.js:165408:18)\n    at Promise._settlePromise0 (http://localhost:37627/__cypress/runner/cypress_runner.js:165453:10)\n    at Promise._settlePromises (http://localhost:37627/__cypress/runner/cypress_runner.js:165528:18)\n    at Async../node_modules/bluebird/js/release/async.js.Async._drainQueue (http://localhost:37627/__cypress/runner/cypress_runner.js:162140:16)\n    at Async../node_modules/bluebird/js/release/async.js.Async._drainQueues (http://localhost:37627/__cypress/runner/cypress_runner.js:162150:10)\n    at Async.drainQueues (http://localhost:37627/__cypress/runner/cypress_runner.js:162024:14)",
                "diff": null
              },
              "uuid": "c4fa1de9-8a9f-4e35-8937-e2bdda6ab82d",
              "parentUUID": "a984ff5d-8ecb-4b80-a336-709e79cfd92e",
              "isHook": false,
              "skipped": false
            },
            {
              "title": "Verifica se as demais cores podem ser escolhidas livremente.",
              "fullTitle": "3 - Adicione a cor **preta** como a primeira cor da paleta de cores. Verifica se as demais cores podem ser escolhidas livremente.",
              "timedOut": null,
              "duration": 4326,
              "state": "failed",
              "speed": null,
              "pass": false,
              "fail": true,
              "pending": false,
              "context": null,
              "code": "cy.get('.color').eq(1).should('not.have.css', 'background-color', BLACK);\ncy.get('.color').eq(1).should('not.have.css', 'background-color', WHITE);\ncy.get('.color').eq(1).should('not.have.css', 'background-color', 'rgba(0, 0, 0, 0)');\ncy.get('.color').eq(1).should('have.css', 'background-color');\ncy.get('.color').eq(2).should('not.have.css', 'background-color', BLACK);\ncy.get('.color').eq(2).should('not.have.css', 'background-color', WHITE);\ncy.get('.color').eq(2).should('not.have.css', 'background-color', 'rgba(0, 0, 0, 0)');\ncy.get('.color').eq(2).should('have.css', 'background-color');\ncy.get('.color').eq(3).should('not.have.css', 'background-color', BLACK);\ncy.get('.color').eq(3).should('not.have.css', 'background-color', WHITE);\ncy.get('.color').eq(3).should('not.have.css', 'background-color', 'rgba(0, 0, 0, 0)');\ncy.get('.color').eq(3).should('have.css', 'background-color');",
              "err": {
                "message": "CypressError: Timed out retrying: Expected to find element: '.color', but never found it.",
                "estack": "CypressError: Timed out retrying: Expected to find element: '.color', but never found it.\n    at cypressErr (http://localhost:37627/__cypress/runner/cypress_runner.js:149934:9)\n    at throwErr (http://localhost:37627/__cypress/runner/cypress_runner.js:149867:11)\n    at Object.throwErrByPath (http://localhost:37627/__cypress/runner/cypress_runner.js:149915:3)\n    at retry (http://localhost:37627/__cypress/runner/cypress_runner.js:144197:19)\n    at onFailFn (http://localhost:37627/__cypress/runner/cypress_runner.js:132448:16)\n    at tryCatcher (http://localhost:37627/__cypress/runner/cypress_runner.js:167415:23)\n    at Promise._settlePromiseFromHandler (http://localhost:37627/__cypress/runner/cypress_runner.js:165351:31)\n    at Promise._settlePromise (http://localhost:37627/__cypress/runner/cypress_runner.js:165408:18)\n    at Promise._settlePromise0 (http://localhost:37627/__cypress/runner/cypress_runner.js:165453:10)\n    at Promise._settlePromises (http://localhost:37627/__cypress/runner/cypress_runner.js:165528:18)\n    at Async../node_modules/bluebird/js/release/async.js.Async._drainQueue (http://localhost:37627/__cypress/runner/cypress_runner.js:162140:16)\n    at Async../node_modules/bluebird/js/release/async.js.Async._drainQueues (http://localhost:37627/__cypress/runner/cypress_runner.js:162150:10)\n    at Async.drainQueues (http://localhost:37627/__cypress/runner/cypress_runner.js:162024:14)",
                "diff": null
              },
              "uuid": "61b0b499-5e25-4d40-9c35-7759e4084fef",
              "parentUUID": "a984ff5d-8ecb-4b80-a336-709e79cfd92e",
              "isHook": false,
              "skipped": false
            }
          ],
          "suites": [],
          "passes": [],
          "failures": [
            "c4fa1de9-8a9f-4e35-8937-e2bdda6ab82d",
            "61b0b499-5e25-4d40-9c35-7759e4084fef"
          ],
          "pending": [],
          "skipped": [],
          "duration": 8599,
          "root": false,
          "rootEmpty": false,
          "_timeout": 2000
        },
        {
          "uuid": "bd14dea7-1fe1-4eb4-8291-81d0ebb09178",
          "title": "4 - Adicione à página um quadro de pixels, com 25 pixels.",
          "fullFile": "",
          "file": "",
          "beforeHooks": [],
          "afterHooks": [],
          "tests": [
            {
              "title": "Verifica se o quadro de pixels possui o `id` denominado `pixel-board`",
              "fullTitle": "4 - Adicione à página um quadro de pixels, com 25 pixels. Verifica se o quadro de pixels possui o `id` denominado `pixel-board`",
              "timedOut": null,
              "duration": 4364,
              "state": "failed",
              "speed": null,
              "pass": false,
              "fail": true,
              "pending": false,
              "context": null,
              "code": "cy.get('#pixel-board').should('be.visible');",
              "err": {
                "message": "CypressError: Timed out retrying: Expected to find element: '#pixel-board', but never found it.",
                "estack": "CypressError: Timed out retrying: Expected to find element: '#pixel-board', but never found it.\n    at cypressErr (http://localhost:37627/__cypress/runner/cypress_runner.js:149934:9)\n    at throwErr (http://localhost:37627/__cypress/runner/cypress_runner.js:149867:11)\n    at Object.throwErrByPath (http://localhost:37627/__cypress/runner/cypress_runner.js:149915:3)\n    at retry (http://localhost:37627/__cypress/runner/cypress_runner.js:144197:19)\n    at onFailFn (http://localhost:37627/__cypress/runner/cypress_runner.js:132448:16)\n    at tryCatcher (http://localhost:37627/__cypress/runner/cypress_runner.js:167415:23)\n    at Promise._settlePromiseFromHandler (http://localhost:37627/__cypress/runner/cypress_runner.js:165351:31)\n    at Promise._settlePromise (http://localhost:37627/__cypress/runner/cypress_runner.js:165408:18)\n    at Promise._settlePromise0 (http://localhost:37627/__cypress/runner/cypress_runner.js:165453:10)\n    at Promise._settlePromises (http://localhost:37627/__cypress/runner/cypress_runner.js:165528:18)\n    at Async../node_modules/bluebird/js/release/async.js.Async._drainQueue (http://localhost:37627/__cypress/runner/cypress_runner.js:162140:16)\n    at Async../node_modules/bluebird/js/release/async.js.Async._drainQueues (http://localhost:37627/__cypress/runner/cypress_runner.js:162150:10)\n    at Async.drainQueues (http://localhost:37627/__cypress/runner/cypress_runner.js:162024:14)",
                "diff": null
              },
              "uuid": "0866c70b-d95f-4fa0-b570-22b9b3d88b83",
              "parentUUID": "bd14dea7-1fe1-4eb4-8291-81d0ebb09178",
              "isHook": false,
              "skipped": false
            },
            {
              "title": "Verifica se cada pixel individual dentro do quadro possui a `classe` denominada `pixel`.",
              "fullTitle": "4 - Adicione à página um quadro de pixels, com 25 pixels. Verifica se cada pixel individual dentro do quadro possui a `classe` denominada `pixel`.",
              "timedOut": null,
              "duration": 4326,
              "state": "failed",
              "speed": null,
              "pass": false,
              "fail": true,
              "pending": false,
              "context": null,
              "code": "cy.get('.pixel').should('have.length', 25);",
              "err": {
                "message": "CypressError: Timed out retrying: Expected to find element: '.pixel', but never found it.",
                "estack": "CypressError: Timed out retrying: Expected to find element: '.pixel', but never found it.\n    at cypressErr (http://localhost:37627/__cypress/runner/cypress_runner.js:149934:9)\n    at throwErr (http://localhost:37627/__cypress/runner/cypress_runner.js:149867:11)\n    at Object.throwErrByPath (http://localhost:37627/__cypress/runner/cypress_runner.js:149915:3)\n    at retry (http://localhost:37627/__cypress/runner/cypress_runner.js:144197:19)\n    at onFailFn (http://localhost:37627/__cypress/runner/cypress_runner.js:132448:16)\n    at tryCatcher (http://localhost:37627/__cypress/runner/cypress_runner.js:167415:23)\n    at Promise._settlePromiseFromHandler (http://localhost:37627/__cypress/runner/cypress_runner.js:165351:31)\n    at Promise._settlePromise (http://localhost:37627/__cypress/runner/cypress_runner.js:165408:18)\n    at Promise._settlePromise0 (http://localhost:37627/__cypress/runner/cypress_runner.js:165453:10)\n    at Promise._settlePromises (http://localhost:37627/__cypress/runner/cypress_runner.js:165528:18)\n    at Async../node_modules/bluebird/js/release/async.js.Async._drainQueue (http://localhost:37627/__cypress/runner/cypress_runner.js:162140:16)\n    at Async../node_modules/bluebird/js/release/async.js.Async._drainQueues (http://localhost:37627/__cypress/runner/cypress_runner.js:162150:10)\n    at Async.drainQueues (http://localhost:37627/__cypress/runner/cypress_runner.js:162024:14)",
                "diff": null
              },
              "uuid": "04f2968e-2a93-41b8-a6f1-ecb1ce53eaa1",
              "parentUUID": "bd14dea7-1fe1-4eb4-8291-81d0ebb09178",
              "isHook": false,
              "skipped": false
            },
            {
              "title": "Verifica se a cor inicial dos pixels dentro do quadro, ao abrir a página, é branca.",
              "fullTitle": "4 - Adicione à página um quadro de pixels, com 25 pixels. Verifica se a cor inicial dos pixels dentro do quadro, ao abrir a página, é branca.",
              "timedOut": null,
              "duration": 4319,
              "state": "failed",
              "speed": null,
              "pass": false,
              "fail": true,
              "pending": false,
              "context": null,
              "code": "cy.get('.pixel').should('have.length', 25).each(function (pixel) {\n  expect(pixel).to.have.css('background-color', WHITE);\n});",
              "err": {
                "message": "CypressError: Timed out retrying: Expected to find element: '.pixel', but never found it.",
                "estack": "CypressError: Timed out retrying: Expected to find element: '.pixel', but never found it.\n    at cypressErr (http://localhost:37627/__cypress/runner/cypress_runner.js:149934:9)\n    at throwErr (http://localhost:37627/__cypress/runner/cypress_runner.js:149867:11)\n    at Object.throwErrByPath (http://localhost:37627/__cypress/runner/cypress_runner.js:149915:3)\n    at retry (http://localhost:37627/__cypress/runner/cypress_runner.js:144197:19)\n    at onFailFn (http://localhost:37627/__cypress/runner/cypress_runner.js:132448:16)\n    at tryCatcher (http://localhost:37627/__cypress/runner/cypress_runner.js:167415:23)\n    at Promise._settlePromiseFromHandler (http://localhost:37627/__cypress/runner/cypress_runner.js:165351:31)\n    at Promise._settlePromise (http://localhost:37627/__cypress/runner/cypress_runner.js:165408:18)\n    at Promise._settlePromise0 (http://localhost:37627/__cypress/runner/cypress_runner.js:165453:10)\n    at Promise._settlePromises (http://localhost:37627/__cypress/runner/cypress_runner.js:165528:18)\n    at Async../node_modules/bluebird/js/release/async.js.Async._drainQueue (http://localhost:37627/__cypress/runner/cypress_runner.js:162140:16)\n    at Async../node_modules/bluebird/js/release/async.js.Async._drainQueues (http://localhost:37627/__cypress/runner/cypress_runner.js:162150:10)\n    at Async.drainQueues (http://localhost:37627/__cypress/runner/cypress_runner.js:162024:14)",
                "diff": null
              },
              "uuid": "89acc3f2-a82f-4fdf-87e3-e72d058badff",
              "parentUUID": "bd14dea7-1fe1-4eb4-8291-81d0ebb09178",
              "isHook": false,
              "skipped": false
            },
            {
              "title": "Verifica se o quadro de pixels aparece abaixo da paleta de cores",
              "fullTitle": "4 - Adicione à página um quadro de pixels, com 25 pixels. Verifica se o quadro de pixels aparece abaixo da paleta de cores",
              "timedOut": null,
              "duration": 4309,
              "state": "failed",
              "speed": null,
              "pass": false,
              "fail": true,
              "pending": false,
              "context": null,
              "code": "cy.get('#color-palette').then(function (palette) {\n  cy.get('#pixel-board').should('be.belowOf', palette);\n});",
              "err": {
                "message": "CypressError: Timed out retrying: Expected to find element: '#color-palette', but never found it.",
                "estack": "CypressError: Timed out retrying: Expected to find element: '#color-palette', but never found it.\n    at cypressErr (http://localhost:37627/__cypress/runner/cypress_runner.js:149934:9)\n    at throwErr (http://localhost:37627/__cypress/runner/cypress_runner.js:149867:11)\n    at Object.throwErrByPath (http://localhost:37627/__cypress/runner/cypress_runner.js:149915:3)\n    at retry (http://localhost:37627/__cypress/runner/cypress_runner.js:144197:19)\n    at onFailFn (http://localhost:37627/__cypress/runner/cypress_runner.js:132448:16)\n    at tryCatcher (http://localhost:37627/__cypress/runner/cypress_runner.js:167415:23)\n    at Promise._settlePromiseFromHandler (http://localhost:37627/__cypress/runner/cypress_runner.js:165351:31)\n    at Promise._settlePromise (http://localhost:37627/__cypress/runner/cypress_runner.js:165408:18)\n    at Promise._settlePromise0 (http://localhost:37627/__cypress/runner/cypress_runner.js:165453:10)\n    at Promise._settlePromises (http://localhost:37627/__cypress/runner/cypress_runner.js:165528:18)\n    at Async../node_modules/bluebird/js/release/async.js.Async._drainQueue (http://localhost:37627/__cypress/runner/cypress_runner.js:162140:16)\n    at Async../node_modules/bluebird/js/release/async.js.Async._drainQueues (http://localhost:37627/__cypress/runner/cypress_runner.js:162150:10)\n    at Async.drainQueues (http://localhost:37627/__cypress/runner/cypress_runner.js:162024:14)",
                "diff": null
              },
              "uuid": "3ffea872-e6d8-4020-bf9e-091063b78de6",
              "parentUUID": "bd14dea7-1fe1-4eb4-8291-81d0ebb09178",
              "isHook": false,
              "skipped": false
            }
          ],
          "suites": [],
          "passes": [],
          "failures": [
            "0866c70b-d95f-4fa0-b570-22b9b3d88b83",
            "04f2968e-2a93-41b8-a6f1-ecb1ce53eaa1",
            "89acc3f2-a82f-4fdf-87e3-e72d058badff",
            "3ffea872-e6d8-4020-bf9e-091063b78de6"
          ],
          "pending": [],
          "skipped": [],
          "duration": 17318,
          "root": false,
          "rootEmpty": false,
          "_timeout": 2000
        },
        {
          "uuid": "a6295f16-fa5c-462d-a375-b2c509a2b7f3",
          "title": "5 - Faça com que cada elemento do quadro de pixels possua 40 pixels de largura, 40 pixels de altura e seja delimitado por uma borda preta de 1 pixel.",
          "fullFile": "",
          "file": "",
          "beforeHooks": [],
          "afterHooks": [],
          "tests": [
            {
              "title": "Verifica se o quadro de pixels tem altura e comprimento de 5 elementos",
              "fullTitle": "5 - Faça com que cada elemento do quadro de pixels possua 40 pixels de largura, 40 pixels de altura e seja delimitado por uma borda preta de 1 pixel. Verifica se o quadro de pixels tem altura e comprimento de 5 elementos",
              "timedOut": null,
              "duration": 4359,
              "state": "failed",
              "speed": null,
              "pass": false,
              "fail": true,
              "pending": false,
              "context": null,
              "code": "cy.get('.pixel').should('have.length', 25).each(function (pixel) {\n  expect(pixel).to.have.css('background-color', WHITE);\n}).and(function (pixels) {\n  var rows = chunk(pixels, 5);\n  rows.forEach(function (row) {\n    for (var index = 1; index < row.length; index += 1) {\n      var current = pixels[index];\n      var previous = pixels[index - 1];\n      cy.wrap(current).should('be.onTheRightOf', previous).and('be.horizontallyAlignedWith', previous);\n    }\n  });\n  for (var index = 1; index < 5; index += 1) {\n    expect(pixels[index * 5]).to.be.belowOf(pixels[(index - 1) * 5]);\n  }\n});",
              "err": {
                "message": "CypressError: Timed out retrying: Expected to find element: '.pixel', but never found it.",
                "estack": "CypressError: Timed out retrying: Expected to find element: '.pixel', but never found it.\n    at cypressErr (http://localhost:37627/__cypress/runner/cypress_runner.js:149934:9)\n    at throwErr (http://localhost:37627/__cypress/runner/cypress_runner.js:149867:11)\n    at Object.throwErrByPath (http://localhost:37627/__cypress/runner/cypress_runner.js:149915:3)\n    at retry (http://localhost:37627/__cypress/runner/cypress_runner.js:144197:19)\n    at onFailFn (http://localhost:37627/__cypress/runner/cypress_runner.js:132448:16)\n    at tryCatcher (http://localhost:37627/__cypress/runner/cypress_runner.js:167415:23)\n    at Promise._settlePromiseFromHandler (http://localhost:37627/__cypress/runner/cypress_runner.js:165351:31)\n    at Promise._settlePromise (http://localhost:37627/__cypress/runner/cypress_runner.js:165408:18)\n    at Promise._settlePromise0 (http://localhost:37627/__cypress/runner/cypress_runner.js:165453:10)\n    at Promise._settlePromises (http://localhost:37627/__cypress/runner/cypress_runner.js:165528:18)\n    at Async../node_modules/bluebird/js/release/async.js.Async._drainQueue (http://localhost:37627/__cypress/runner/cypress_runner.js:162140:16)\n    at Async../node_modules/bluebird/js/release/async.js.Async._drainQueues (http://localhost:37627/__cypress/runner/cypress_runner.js:162150:10)\n    at Async.drainQueues (http://localhost:37627/__cypress/runner/cypress_runner.js:162024:14)",
                "diff": null
              },
              "uuid": "7bac70cc-40c8-4a11-97c4-266c58907b94",
              "parentUUID": "a6295f16-fa5c-462d-a375-b2c509a2b7f3",
              "isHook": false,
              "skipped": false
            },
            {
              "title": "Verifica se 40 pixels é o tamanho total do elemento, incluindo seu conteúdo e excluindo a borda preta, que deve ser criada à parte.",
              "fullTitle": "5 - Faça com que cada elemento do quadro de pixels possua 40 pixels de largura, 40 pixels de altura e seja delimitado por uma borda preta de 1 pixel. Verifica se 40 pixels é o tamanho total do elemento, incluindo seu conteúdo e excluindo a borda preta, que deve ser criada à parte.",
              "timedOut": null,
              "duration": 4325,
              "state": "failed",
              "speed": null,
              "pass": false,
              "fail": true,
              "pending": false,
              "context": null,
              "code": "cy.get('.pixel').each(function (pixel) {\n  cy.wrap(pixel).should('have.css', 'height', '40px').and('have.css', 'width', '40px').and('have.css', 'border', \"1px solid \".concat(BLACK));\n});",
              "err": {
                "message": "CypressError: Timed out retrying: Expected to find element: '.pixel', but never found it.",
                "estack": "CypressError: Timed out retrying: Expected to find element: '.pixel', but never found it.\n    at cypressErr (http://localhost:37627/__cypress/runner/cypress_runner.js:149934:9)\n    at throwErr (http://localhost:37627/__cypress/runner/cypress_runner.js:149867:11)\n    at Object.throwErrByPath (http://localhost:37627/__cypress/runner/cypress_runner.js:149915:3)\n    at retry (http://localhost:37627/__cypress/runner/cypress_runner.js:144197:19)\n    at onFailFn (http://localhost:37627/__cypress/runner/cypress_runner.js:132448:16)\n    at tryCatcher (http://localhost:37627/__cypress/runner/cypress_runner.js:167415:23)\n    at Promise._settlePromiseFromHandler (http://localhost:37627/__cypress/runner/cypress_runner.js:165351:31)\n    at Promise._settlePromise (http://localhost:37627/__cypress/runner/cypress_runner.js:165408:18)\n    at Promise._settlePromise0 (http://localhost:37627/__cypress/runner/cypress_runner.js:165453:10)\n    at Promise._settlePromises (http://localhost:37627/__cypress/runner/cypress_runner.js:165528:18)\n    at Async../node_modules/bluebird/js/release/async.js.Async._drainQueue (http://localhost:37627/__cypress/runner/cypress_runner.js:162140:16)\n    at Async../node_modules/bluebird/js/release/async.js.Async._drainQueues (http://localhost:37627/__cypress/runner/cypress_runner.js:162150:10)\n    at Async.drainQueues (http://localhost:37627/__cypress/runner/cypress_runner.js:162024:14)",
                "diff": null
              },
              "uuid": "8389a9f4-0135-4478-890c-d77f13d4e7f2",
              "parentUUID": "a6295f16-fa5c-462d-a375-b2c509a2b7f3",
              "isHook": false,
              "skipped": false
            }
          ],
          "suites": [],
          "passes": [],
          "failures": [
            "7bac70cc-40c8-4a11-97c4-266c58907b94",
            "8389a9f4-0135-4478-890c-d77f13d4e7f2"
          ],
          "pending": [],
          "skipped": [],
          "duration": 8684,
          "root": false,
          "rootEmpty": false,
          "_timeout": 2000
        },
        {
          "uuid": "8423fd13-bbf4-4454-a9af-1dea89d73f68",
          "title": "6 - Defina a cor preta como cor inicial. Ao carregar a página a cor preta já deve estar selecionada para pintar os pixels",
          "fullFile": "",
          "file": "",
          "beforeHooks": [],
          "afterHooks": [],
          "tests": [
            {
              "title": "Verifica se o elemento da cor preta possui, inicialmente, a `classe` `selected`",
              "fullTitle": "6 - Defina a cor preta como cor inicial. Ao carregar a página a cor preta já deve estar selecionada para pintar os pixels Verifica se o elemento da cor preta possui, inicialmente, a `classe` `selected`",
              "timedOut": null,
              "duration": 4350,
              "state": "failed",
              "speed": null,
              "pass": false,
              "fail": true,
              "pending": false,
              "context": null,
              "code": "cy.get('.selected').first().should('have.css', 'background-color', BLACK);",
              "err": {
                "message": "CypressError: Timed out retrying: Expected to find element: '.selected', but never found it.",
                "estack": "CypressError: Timed out retrying: Expected to find element: '.selected', but never found it.\n    at cypressErr (http://localhost:37627/__cypress/runner/cypress_runner.js:149934:9)\n    at throwErr (http://localhost:37627/__cypress/runner/cypress_runner.js:149867:11)\n    at Object.throwErrByPath (http://localhost:37627/__cypress/runner/cypress_runner.js:149915:3)\n    at retry (http://localhost:37627/__cypress/runner/cypress_runner.js:144197:19)\n    at onFailFn (http://localhost:37627/__cypress/runner/cypress_runner.js:132448:16)\n    at tryCatcher (http://localhost:37627/__cypress/runner/cypress_runner.js:167415:23)\n    at Promise._settlePromiseFromHandler (http://localhost:37627/__cypress/runner/cypress_runner.js:165351:31)\n    at Promise._settlePromise (http://localhost:37627/__cypress/runner/cypress_runner.js:165408:18)\n    at Promise._settlePromise0 (http://localhost:37627/__cypress/runner/cypress_runner.js:165453:10)\n    at Promise._settlePromises (http://localhost:37627/__cypress/runner/cypress_runner.js:165528:18)\n    at Async../node_modules/bluebird/js/release/async.js.Async._drainQueue (http://localhost:37627/__cypress/runner/cypress_runner.js:162140:16)\n    at Async../node_modules/bluebird/js/release/async.js.Async._drainQueues (http://localhost:37627/__cypress/runner/cypress_runner.js:162150:10)\n    at Async.drainQueues (http://localhost:37627/__cypress/runner/cypress_runner.js:162024:14)",
                "diff": null
              },
              "uuid": "ac3eb1f8-7c76-4454-9858-a25b193dc3b2",
              "parentUUID": "8423fd13-bbf4-4454-a9af-1dea89d73f68",
              "isHook": false,
              "skipped": false
            },
            {
              "title": "Verifica se nenhuma outra cor da paleta tem a `classe` `selected`",
              "fullTitle": "6 - Defina a cor preta como cor inicial. Ao carregar a página a cor preta já deve estar selecionada para pintar os pixels Verifica se nenhuma outra cor da paleta tem a `classe` `selected`",
              "timedOut": null,
              "duration": 4361,
              "state": "failed",
              "speed": null,
              "pass": false,
              "fail": true,
              "pending": false,
              "context": null,
              "code": "cy.get('.color:not(:first-child)').each(function (color) {\n  cy.wrap(color).should('not.have.class', 'selected');\n});",
              "err": {
                "message": "CypressError: Timed out retrying: Expected to find element: '.color:not(:first-child)', but never found it.",
                "estack": "CypressError: Timed out retrying: Expected to find element: '.color:not(:first-child)', but never found it.\n    at cypressErr (http://localhost:37627/__cypress/runner/cypress_runner.js:149934:9)\n    at throwErr (http://localhost:37627/__cypress/runner/cypress_runner.js:149867:11)\n    at Object.throwErrByPath (http://localhost:37627/__cypress/runner/cypress_runner.js:149915:3)\n    at retry (http://localhost:37627/__cypress/runner/cypress_runner.js:144197:19)\n    at onFailFn (http://localhost:37627/__cypress/runner/cypress_runner.js:132448:16)\n    at tryCatcher (http://localhost:37627/__cypress/runner/cypress_runner.js:167415:23)\n    at Promise._settlePromiseFromHandler (http://localhost:37627/__cypress/runner/cypress_runner.js:165351:31)\n    at Promise._settlePromise (http://localhost:37627/__cypress/runner/cypress_runner.js:165408:18)\n    at Promise._settlePromise0 (http://localhost:37627/__cypress/runner/cypress_runner.js:165453:10)\n    at Promise._settlePromises (http://localhost:37627/__cypress/runner/cypress_runner.js:165528:18)\n    at Async../node_modules/bluebird/js/release/async.js.Async._drainQueue (http://localhost:37627/__cypress/runner/cypress_runner.js:162140:16)\n    at Async../node_modules/bluebird/js/release/async.js.Async._drainQueues (http://localhost:37627/__cypress/runner/cypress_runner.js:162150:10)\n    at Async.drainQueues (http://localhost:37627/__cypress/runner/cypress_runner.js:162024:14)",
                "diff": null
              },
              "uuid": "76a87d4e-ff53-4e06-8c17-f4d77770f537",
              "parentUUID": "8423fd13-bbf4-4454-a9af-1dea89d73f68",
              "isHook": false,
              "skipped": false
            }
          ],
          "suites": [],
          "passes": [],
          "failures": [
            "ac3eb1f8-7c76-4454-9858-a25b193dc3b2",
            "76a87d4e-ff53-4e06-8c17-f4d77770f537"
          ],
          "pending": [],
          "skipped": [],
          "duration": 8711,
          "root": false,
          "rootEmpty": false,
          "_timeout": 2000
        },
        {
          "uuid": "97de506b-59db-41c3-bd90-e87afeb0a9f9",
          "title": "7 - Clicar em uma das cores da paleta, faz com que ela seja selecionada e utilizada para preencher os pixels no quadro.",
          "fullFile": "",
          "file": "",
          "beforeHooks": [],
          "afterHooks": [],
          "tests": [
            {
              "title": "Verifica se somente uma cor da paleta de cores tem a classe `selected` de cada vez",
              "fullTitle": "7 - Clicar em uma das cores da paleta, faz com que ela seja selecionada e utilizada para preencher os pixels no quadro. Verifica se somente uma cor da paleta de cores tem a classe `selected` de cada vez",
              "timedOut": null,
              "duration": 4309,
              "state": "failed",
              "speed": null,
              "pass": false,
              "fail": true,
              "pending": false,
              "context": null,
              "code": "cy.get('.color').each(function (selectedColor, selectedColorIndex) {\n  cy.wrap(selectedColor).click();\n  cy.get('.color').each(function (color, colorIndex) {\n    if (colorIndex === selectedColorIndex) {\n      expect(color).to.have[\"class\"]('selected');\n    } else {\n      expect(color).not.to.have[\"class\"]('selected');\n    }\n  });\n});",
              "err": {
                "message": "CypressError: Timed out retrying: Expected to find element: '.color', but never found it.",
                "estack": "CypressError: Timed out retrying: Expected to find element: '.color', but never found it.\n    at cypressErr (http://localhost:37627/__cypress/runner/cypress_runner.js:149934:9)\n    at throwErr (http://localhost:37627/__cypress/runner/cypress_runner.js:149867:11)\n    at Object.throwErrByPath (http://localhost:37627/__cypress/runner/cypress_runner.js:149915:3)\n    at retry (http://localhost:37627/__cypress/runner/cypress_runner.js:144197:19)\n    at onFailFn (http://localhost:37627/__cypress/runner/cypress_runner.js:132448:16)\n    at tryCatcher (http://localhost:37627/__cypress/runner/cypress_runner.js:167415:23)\n    at Promise._settlePromiseFromHandler (http://localhost:37627/__cypress/runner/cypress_runner.js:165351:31)\n    at Promise._settlePromise (http://localhost:37627/__cypress/runner/cypress_runner.js:165408:18)\n    at Promise._settlePromise0 (http://localhost:37627/__cypress/runner/cypress_runner.js:165453:10)\n    at Promise._settlePromises (http://localhost:37627/__cypress/runner/cypress_runner.js:165528:18)\n    at Async../node_modules/bluebird/js/release/async.js.Async._drainQueue (http://localhost:37627/__cypress/runner/cypress_runner.js:162140:16)\n    at Async../node_modules/bluebird/js/release/async.js.Async._drainQueues (http://localhost:37627/__cypress/runner/cypress_runner.js:162150:10)\n    at Async.drainQueues (http://localhost:37627/__cypress/runner/cypress_runner.js:162024:14)",
                "diff": null
              },
              "uuid": "0f84d9b8-2a57-40d4-be52-97ec5befa4e4",
              "parentUUID": "97de506b-59db-41c3-bd90-e87afeb0a9f9",
              "isHook": false,
              "skipped": false
            },
            {
              "title": "Verifica se os pixels dentro do quadro não têm a classe `selected` quando são clicados",
              "fullTitle": "7 - Clicar em uma das cores da paleta, faz com que ela seja selecionada e utilizada para preencher os pixels no quadro. Verifica se os pixels dentro do quadro não têm a classe `selected` quando são clicados",
              "timedOut": null,
              "duration": 4347,
              "state": "failed",
              "speed": null,
              "pass": false,
              "fail": true,
              "pending": false,
              "context": null,
              "code": "cy.get('.color').each(function (color) {\n  var backgroundColor = color.css('background-color');\n  cy.wrap(color).click();\n  cy.get('.pixel').each(function (pixel) {\n    cy.wrap(pixel).click().should('not.have.class', 'selected');\n  });\n});",
              "err": {
                "message": "CypressError: Timed out retrying: Expected to find element: '.color', but never found it.",
                "estack": "CypressError: Timed out retrying: Expected to find element: '.color', but never found it.\n    at cypressErr (http://localhost:37627/__cypress/runner/cypress_runner.js:149934:9)\n    at throwErr (http://localhost:37627/__cypress/runner/cypress_runner.js:149867:11)\n    at Object.throwErrByPath (http://localhost:37627/__cypress/runner/cypress_runner.js:149915:3)\n    at retry (http://localhost:37627/__cypress/runner/cypress_runner.js:144197:19)\n    at onFailFn (http://localhost:37627/__cypress/runner/cypress_runner.js:132448:16)\n    at tryCatcher (http://localhost:37627/__cypress/runner/cypress_runner.js:167415:23)\n    at Promise._settlePromiseFromHandler (http://localhost:37627/__cypress/runner/cypress_runner.js:165351:31)\n    at Promise._settlePromise (http://localhost:37627/__cypress/runner/cypress_runner.js:165408:18)\n    at Promise._settlePromise0 (http://localhost:37627/__cypress/runner/cypress_runner.js:165453:10)\n    at Promise._settlePromises (http://localhost:37627/__cypress/runner/cypress_runner.js:165528:18)\n    at Async../node_modules/bluebird/js/release/async.js.Async._drainQueue (http://localhost:37627/__cypress/runner/cypress_runner.js:162140:16)\n    at Async../node_modules/bluebird/js/release/async.js.Async._drainQueues (http://localhost:37627/__cypress/runner/cypress_runner.js:162150:10)\n    at Async.drainQueues (http://localhost:37627/__cypress/runner/cypress_runner.js:162024:14)",
                "diff": null
              },
              "uuid": "64980ea3-f0d5-4cb1-b949-dfe5a086afac",
              "parentUUID": "97de506b-59db-41c3-bd90-e87afeb0a9f9",
              "isHook": false,
              "skipped": false
            }
          ],
          "suites": [],
          "passes": [],
          "failures": [
            "0f84d9b8-2a57-40d4-be52-97ec5befa4e4",
            "64980ea3-f0d5-4cb1-b949-dfe5a086afac"
          ],
          "pending": [],
          "skipped": [],
          "duration": 8656,
          "root": false,
          "rootEmpty": false,
          "_timeout": 2000
        },
        {
          "uuid": "fbf28732-5e0e-4786-ab40-a1d7eed05b08",
          "title": "8 - Clicar em um pixel dentro do quadro após selecionar uma cor na paleta, faz com que o pixel seja preenchido com a cor selecionada.",
          "fullFile": "",
          "file": "",
          "beforeHooks": [],
          "afterHooks": [],
          "tests": [
            {
              "title": "Verifica se ao carregar a página deve ser possível pintar os pixels de preto",
              "fullTitle": "8 - Clicar em um pixel dentro do quadro após selecionar uma cor na paleta, faz com que o pixel seja preenchido com a cor selecionada. Verifica se ao carregar a página deve ser possível pintar os pixels de preto",
              "timedOut": null,
              "duration": 4316,
              "state": "failed",
              "speed": null,
              "pass": false,
              "fail": true,
              "pending": false,
              "context": null,
              "code": "cy.get('.pixel').each(function (pixel) {\n  cy.wrap(pixel).click().should('have.css', 'background-color', BLACK);\n});",
              "err": {
                "message": "CypressError: Timed out retrying: Expected to find element: '.pixel', but never found it.",
                "estack": "CypressError: Timed out retrying: Expected to find element: '.pixel', but never found it.\n    at cypressErr (http://localhost:37627/__cypress/runner/cypress_runner.js:149934:9)\n    at throwErr (http://localhost:37627/__cypress/runner/cypress_runner.js:149867:11)\n    at Object.throwErrByPath (http://localhost:37627/__cypress/runner/cypress_runner.js:149915:3)\n    at retry (http://localhost:37627/__cypress/runner/cypress_runner.js:144197:19)\n    at onFailFn (http://localhost:37627/__cypress/runner/cypress_runner.js:132448:16)\n    at tryCatcher (http://localhost:37627/__cypress/runner/cypress_runner.js:167415:23)\n    at Promise._settlePromiseFromHandler (http://localhost:37627/__cypress/runner/cypress_runner.js:165351:31)\n    at Promise._settlePromise (http://localhost:37627/__cypress/runner/cypress_runner.js:165408:18)\n    at Promise._settlePromise0 (http://localhost:37627/__cypress/runner/cypress_runner.js:165453:10)\n    at Promise._settlePromises (http://localhost:37627/__cypress/runner/cypress_runner.js:165528:18)\n    at Async../node_modules/bluebird/js/release/async.js.Async._drainQueue (http://localhost:37627/__cypress/runner/cypress_runner.js:162140:16)\n    at Async../node_modules/bluebird/js/release/async.js.Async._drainQueues (http://localhost:37627/__cypress/runner/cypress_runner.js:162150:10)\n    at Async.drainQueues (http://localhost:37627/__cypress/runner/cypress_runner.js:162024:14)",
                "diff": null
              },
              "uuid": "c6c4770d-2d42-4dd1-b01d-c4ed49600dec",
              "parentUUID": "fbf28732-5e0e-4786-ab40-a1d7eed05b08",
              "isHook": false,
              "skipped": false
            },
            {
              "title": "Verifica se após selecionar uma outra cor na paleta, é possível pintar os pixels com essa cor",
              "fullTitle": "8 - Clicar em um pixel dentro do quadro após selecionar uma cor na paleta, faz com que o pixel seja preenchido com a cor selecionada. Verifica se após selecionar uma outra cor na paleta, é possível pintar os pixels com essa cor",
              "timedOut": null,
              "duration": 4390,
              "state": "failed",
              "speed": null,
              "pass": false,
              "fail": true,
              "pending": false,
              "context": null,
              "code": "cy.get('.color').each(function (color) {\n  var backgroundColor = color.css('background-color');\n  cy.wrap(color).click();\n  cy.get('.pixel').each(function (pixel) {\n    cy.wrap(pixel).click().should('have.css', 'background-color', backgroundColor);\n  });\n});",
              "err": {
                "message": "CypressError: Timed out retrying: Expected to find element: '.color', but never found it.",
                "estack": "CypressError: Timed out retrying: Expected to find element: '.color', but never found it.\n    at cypressErr (http://localhost:37627/__cypress/runner/cypress_runner.js:149934:9)\n    at throwErr (http://localhost:37627/__cypress/runner/cypress_runner.js:149867:11)\n    at Object.throwErrByPath (http://localhost:37627/__cypress/runner/cypress_runner.js:149915:3)\n    at retry (http://localhost:37627/__cypress/runner/cypress_runner.js:144197:19)\n    at onFailFn (http://localhost:37627/__cypress/runner/cypress_runner.js:132448:16)\n    at tryCatcher (http://localhost:37627/__cypress/runner/cypress_runner.js:167415:23)\n    at Promise._settlePromiseFromHandler (http://localhost:37627/__cypress/runner/cypress_runner.js:165351:31)\n    at Promise._settlePromise (http://localhost:37627/__cypress/runner/cypress_runner.js:165408:18)\n    at Promise._settlePromise0 (http://localhost:37627/__cypress/runner/cypress_runner.js:165453:10)\n    at Promise._settlePromises (http://localhost:37627/__cypress/runner/cypress_runner.js:165528:18)\n    at Async../node_modules/bluebird/js/release/async.js.Async._drainQueue (http://localhost:37627/__cypress/runner/cypress_runner.js:162140:16)\n    at Async../node_modules/bluebird/js/release/async.js.Async._drainQueues (http://localhost:37627/__cypress/runner/cypress_runner.js:162150:10)\n    at Async.drainQueues (http://localhost:37627/__cypress/runner/cypress_runner.js:162024:14)",
                "diff": null
              },
              "uuid": "ad2d47f9-f5c3-425d-9dfb-434a83779ac9",
              "parentUUID": "fbf28732-5e0e-4786-ab40-a1d7eed05b08",
              "isHook": false,
              "skipped": false
            },
            {
              "title": "Verifica se somente o pixel que foi clicado foi preenchido com a cor selecionada, sem influenciar na cor dos demais pixels.",
              "fullTitle": "8 - Clicar em um pixel dentro do quadro após selecionar uma cor na paleta, faz com que o pixel seja preenchido com a cor selecionada. Verifica se somente o pixel que foi clicado foi preenchido com a cor selecionada, sem influenciar na cor dos demais pixels.",
              "timedOut": null,
              "duration": 4381,
              "state": "failed",
              "speed": null,
              "pass": false,
              "fail": true,
              "pending": false,
              "context": null,
              "code": "var colorToPixelIndexMap = {\n  0: 6,\n  1: 8,\n  2: 16,\n  3: 18\n};\ncy.get('.color').each(function (color, index) {\n  cy.wrap(color).click();\n  var backgroundColor = color.css('background-color');\n  var clickedPixelIndex = colorToPixelIndexMap[index];\n  cy.get('.pixel').eq(clickedPixelIndex).click();\n  cy.get('.pixel').eq(clickedPixelIndex - 1).should('not.have.css', 'background-color', backgroundColor);\n  cy.get('.pixel').eq(clickedPixelIndex + 1).should('not.have.css', 'background-color', backgroundColor);\n  cy.get('.pixel').eq(clickedPixelIndex - 5).should('not.have.css', 'background-color', backgroundColor);\n  cy.get('.pixel').eq(clickedPixelIndex + 5).should('not.have.css', 'background-color', backgroundColor);\n  cy.get('.pixel').eq(clickedPixelIndex - 6).should('not.have.css', 'background-color', backgroundColor);\n  cy.get('.pixel').eq(clickedPixelIndex - 4).should('not.have.css', 'background-color', backgroundColor);\n  cy.get('.pixel').eq(clickedPixelIndex + 4).should('not.have.css', 'background-color', backgroundColor);\n  cy.get('.pixel').eq(clickedPixelIndex + 6).should('not.have.css', 'background-color', backgroundColor);\n});",
              "err": {
                "message": "CypressError: Timed out retrying: Expected to find element: '.color', but never found it.",
                "estack": "CypressError: Timed out retrying: Expected to find element: '.color', but never found it.\n    at cypressErr (http://localhost:37627/__cypress/runner/cypress_runner.js:149934:9)\n    at throwErr (http://localhost:37627/__cypress/runner/cypress_runner.js:149867:11)\n    at Object.throwErrByPath (http://localhost:37627/__cypress/runner/cypress_runner.js:149915:3)\n    at retry (http://localhost:37627/__cypress/runner/cypress_runner.js:144197:19)\n    at onFailFn (http://localhost:37627/__cypress/runner/cypress_runner.js:132448:16)\n    at tryCatcher (http://localhost:37627/__cypress/runner/cypress_runner.js:167415:23)\n    at Promise._settlePromiseFromHandler (http://localhost:37627/__cypress/runner/cypress_runner.js:165351:31)\n    at Promise._settlePromise (http://localhost:37627/__cypress/runner/cypress_runner.js:165408:18)\n    at Promise._settlePromise0 (http://localhost:37627/__cypress/runner/cypress_runner.js:165453:10)\n    at Promise._settlePromises (http://localhost:37627/__cypress/runner/cypress_runner.js:165528:18)\n    at Async../node_modules/bluebird/js/release/async.js.Async._drainQueue (http://localhost:37627/__cypress/runner/cypress_runner.js:162140:16)\n    at Async../node_modules/bluebird/js/release/async.js.Async._drainQueues (http://localhost:37627/__cypress/runner/cypress_runner.js:162150:10)\n    at Async.drainQueues (http://localhost:37627/__cypress/runner/cypress_runner.js:162024:14)",
                "diff": null
              },
              "uuid": "9523068a-bf82-4b64-9ebd-02226d5a37a1",
              "parentUUID": "fbf28732-5e0e-4786-ab40-a1d7eed05b08",
              "isHook": false,
              "skipped": false
            }
          ],
          "suites": [],
          "passes": [],
          "failures": [
            "c6c4770d-2d42-4dd1-b01d-c4ed49600dec",
            "ad2d47f9-f5c3-425d-9dfb-434a83779ac9",
            "9523068a-bf82-4b64-9ebd-02226d5a37a1"
          ],
          "pending": [],
          "skipped": [],
          "duration": 13087,
          "root": false,
          "rootEmpty": false,
          "_timeout": 2000
        },
        {
          "uuid": "5564e931-f8b7-48d1-9c26-cc16816c052b",
          "title": "9 - Crie um botão que, ao ser clicado, limpa o quadro preenchendo a cor de todos seus pixels com branco.",
          "fullFile": "",
          "file": "",
          "beforeHooks": [],
          "afterHooks": [],
          "tests": [
            {
              "title": "Verifica se o botão tem o `id` denominado `clear-board`",
              "fullTitle": "9 - Crie um botão que, ao ser clicado, limpa o quadro preenchendo a cor de todos seus pixels com branco. Verifica se o botão tem o `id` denominado `clear-board`",
              "timedOut": null,
              "duration": 4290,
              "state": "failed",
              "speed": null,
              "pass": false,
              "fail": true,
              "pending": false,
              "context": null,
              "code": "cy.get('#clear-board').should('be.visible');",
              "err": {
                "message": "CypressError: Timed out retrying: Expected to find element: '#clear-board', but never found it.",
                "estack": "CypressError: Timed out retrying: Expected to find element: '#clear-board', but never found it.\n    at cypressErr (http://localhost:37627/__cypress/runner/cypress_runner.js:149934:9)\n    at throwErr (http://localhost:37627/__cypress/runner/cypress_runner.js:149867:11)\n    at Object.throwErrByPath (http://localhost:37627/__cypress/runner/cypress_runner.js:149915:3)\n    at retry (http://localhost:37627/__cypress/runner/cypress_runner.js:144197:19)\n    at onFailFn (http://localhost:37627/__cypress/runner/cypress_runner.js:132448:16)\n    at tryCatcher (http://localhost:37627/__cypress/runner/cypress_runner.js:167415:23)\n    at Promise._settlePromiseFromHandler (http://localhost:37627/__cypress/runner/cypress_runner.js:165351:31)\n    at Promise._settlePromise (http://localhost:37627/__cypress/runner/cypress_runner.js:165408:18)\n    at Promise._settlePromise0 (http://localhost:37627/__cypress/runner/cypress_runner.js:165453:10)\n    at Promise._settlePromises (http://localhost:37627/__cypress/runner/cypress_runner.js:165528:18)\n    at Async../node_modules/bluebird/js/release/async.js.Async._drainQueue (http://localhost:37627/__cypress/runner/cypress_runner.js:162140:16)\n    at Async../node_modules/bluebird/js/release/async.js.Async._drainQueues (http://localhost:37627/__cypress/runner/cypress_runner.js:162150:10)\n    at Async.drainQueues (http://localhost:37627/__cypress/runner/cypress_runner.js:162024:14)",
                "diff": null
              },
              "uuid": "762fe842-23dd-4da3-868f-c78aa19de1b2",
              "parentUUID": "5564e931-f8b7-48d1-9c26-cc16816c052b",
              "isHook": false,
              "skipped": false
            },
            {
              "title": "Verifica se o botão está posicionado entre a paleta de cores e o quadro de pixels",
              "fullTitle": "9 - Crie um botão que, ao ser clicado, limpa o quadro preenchendo a cor de todos seus pixels com branco. Verifica se o botão está posicionado entre a paleta de cores e o quadro de pixels",
              "timedOut": null,
              "duration": 4382,
              "state": "failed",
              "speed": null,
              "pass": false,
              "fail": true,
              "pending": false,
              "context": null,
              "code": "cy.get('#color-palette').then(function (palette) {\n  cy.get('#clear-board').should('be.belowOf', palette);\n});\ncy.get('#clear-board').then(function (clearBtn) {\n  cy.get('#pixel-board').should('be.belowOf', clearBtn);\n});",
              "err": {
                "message": "CypressError: Timed out retrying: Expected to find element: '#color-palette', but never found it.",
                "estack": "CypressError: Timed out retrying: Expected to find element: '#color-palette', but never found it.\n    at cypressErr (http://localhost:37627/__cypress/runner/cypress_runner.js:149934:9)\n    at throwErr (http://localhost:37627/__cypress/runner/cypress_runner.js:149867:11)\n    at Object.throwErrByPath (http://localhost:37627/__cypress/runner/cypress_runner.js:149915:3)\n    at retry (http://localhost:37627/__cypress/runner/cypress_runner.js:144197:19)\n    at onFailFn (http://localhost:37627/__cypress/runner/cypress_runner.js:132448:16)\n    at tryCatcher (http://localhost:37627/__cypress/runner/cypress_runner.js:167415:23)\n    at Promise._settlePromiseFromHandler (http://localhost:37627/__cypress/runner/cypress_runner.js:165351:31)\n    at Promise._settlePromise (http://localhost:37627/__cypress/runner/cypress_runner.js:165408:18)\n    at Promise._settlePromise0 (http://localhost:37627/__cypress/runner/cypress_runner.js:165453:10)\n    at Promise._settlePromises (http://localhost:37627/__cypress/runner/cypress_runner.js:165528:18)\n    at Async../node_modules/bluebird/js/release/async.js.Async._drainQueue (http://localhost:37627/__cypress/runner/cypress_runner.js:162140:16)\n    at Async../node_modules/bluebird/js/release/async.js.Async._drainQueues (http://localhost:37627/__cypress/runner/cypress_runner.js:162150:10)\n    at Async.drainQueues (http://localhost:37627/__cypress/runner/cypress_runner.js:162024:14)",
                "diff": null
              },
              "uuid": "3dabae53-0419-41d5-9b49-fbb150abd753",
              "parentUUID": "5564e931-f8b7-48d1-9c26-cc16816c052b",
              "isHook": false,
              "skipped": false
            },
            {
              "title": "Verifica se o texto do botão é 'Limpar'",
              "fullTitle": "9 - Crie um botão que, ao ser clicado, limpa o quadro preenchendo a cor de todos seus pixels com branco. Verifica se o texto do botão é 'Limpar'",
              "timedOut": null,
              "duration": 4387,
              "state": "failed",
              "speed": null,
              "pass": false,
              "fail": true,
              "pending": false,
              "context": null,
              "code": "cy.get('#clear-board').should('contain.text', 'Limpar');",
              "err": {
                "message": "CypressError: Timed out retrying: Expected to find element: '#clear-board', but never found it.",
                "estack": "CypressError: Timed out retrying: Expected to find element: '#clear-board', but never found it.\n    at cypressErr (http://localhost:37627/__cypress/runner/cypress_runner.js:149934:9)\n    at throwErr (http://localhost:37627/__cypress/runner/cypress_runner.js:149867:11)\n    at Object.throwErrByPath (http://localhost:37627/__cypress/runner/cypress_runner.js:149915:3)\n    at retry (http://localhost:37627/__cypress/runner/cypress_runner.js:144197:19)\n    at onFailFn (http://localhost:37627/__cypress/runner/cypress_runner.js:132448:16)\n    at tryCatcher (http://localhost:37627/__cypress/runner/cypress_runner.js:167415:23)\n    at Promise._settlePromiseFromHandler (http://localhost:37627/__cypress/runner/cypress_runner.js:165351:31)\n    at Promise._settlePromise (http://localhost:37627/__cypress/runner/cypress_runner.js:165408:18)\n    at Promise._settlePromise0 (http://localhost:37627/__cypress/runner/cypress_runner.js:165453:10)\n    at Promise._settlePromises (http://localhost:37627/__cypress/runner/cypress_runner.js:165528:18)\n    at Async../node_modules/bluebird/js/release/async.js.Async._drainQueue (http://localhost:37627/__cypress/runner/cypress_runner.js:162140:16)\n    at Async../node_modules/bluebird/js/release/async.js.Async._drainQueues (http://localhost:37627/__cypress/runner/cypress_runner.js:162150:10)\n    at Async.drainQueues (http://localhost:37627/__cypress/runner/cypress_runner.js:162024:14)",
                "diff": null
              },
              "uuid": "a67abf10-8b4a-4434-8d2f-832a704a7260",
              "parentUUID": "5564e931-f8b7-48d1-9c26-cc16816c052b",
              "isHook": false,
              "skipped": false
            },
            {
              "title": "Verifica se ao clicar no botão, o quadro de pixels é totalmente preenchido de branco",
              "fullTitle": "9 - Crie um botão que, ao ser clicado, limpa o quadro preenchendo a cor de todos seus pixels com branco. Verifica se ao clicar no botão, o quadro de pixels é totalmente preenchido de branco",
              "timedOut": null,
              "duration": 4370,
              "state": "failed",
              "speed": null,
              "pass": false,
              "fail": true,
              "pending": false,
              "context": null,
              "code": "cy.get('.color').eq(1).then(function (color) {\n  var backgroundColor = color.css('background-color');\n  cy.wrap(color).click();\n  cy.get('.pixel').each(function (pixel) {\n    cy.wrap(pixel).click().should('have.css', 'background-color', backgroundColor);\n  });\n});\ncy.get('#clear-board').click();\ncy.get('.pixel').each(function (pixel) {\n  cy.wrap(pixel).should('have.css', 'background-color', WHITE);\n});",
              "err": {
                "message": "CypressError: Timed out retrying: Expected to find element: '.color', but never found it.",
                "estack": "CypressError: Timed out retrying: Expected to find element: '.color', but never found it.\n    at cypressErr (http://localhost:37627/__cypress/runner/cypress_runner.js:149934:9)\n    at throwErr (http://localhost:37627/__cypress/runner/cypress_runner.js:149867:11)\n    at Object.throwErrByPath (http://localhost:37627/__cypress/runner/cypress_runner.js:149915:3)\n    at retry (http://localhost:37627/__cypress/runner/cypress_runner.js:144197:19)\n    at onFailFn (http://localhost:37627/__cypress/runner/cypress_runner.js:132448:16)\n    at tryCatcher (http://localhost:37627/__cypress/runner/cypress_runner.js:167415:23)\n    at Promise._settlePromiseFromHandler (http://localhost:37627/__cypress/runner/cypress_runner.js:165351:31)\n    at Promise._settlePromise (http://localhost:37627/__cypress/runner/cypress_runner.js:165408:18)\n    at Promise._settlePromise0 (http://localhost:37627/__cypress/runner/cypress_runner.js:165453:10)\n    at Promise._settlePromises (http://localhost:37627/__cypress/runner/cypress_runner.js:165528:18)\n    at Async../node_modules/bluebird/js/release/async.js.Async._drainQueue (http://localhost:37627/__cypress/runner/cypress_runner.js:162140:16)\n    at Async../node_modules/bluebird/js/release/async.js.Async._drainQueues (http://localhost:37627/__cypress/runner/cypress_runner.js:162150:10)\n    at Async.drainQueues (http://localhost:37627/__cypress/runner/cypress_runner.js:162024:14)",
                "diff": null
              },
              "uuid": "2b156bc5-3386-4630-96d9-3047b152e22b",
              "parentUUID": "5564e931-f8b7-48d1-9c26-cc16816c052b",
              "isHook": false,
              "skipped": false
            }
          ],
          "suites": [],
          "passes": [],
          "failures": [
            "762fe842-23dd-4da3-868f-c78aa19de1b2",
            "3dabae53-0419-41d5-9b49-fbb150abd753",
            "a67abf10-8b4a-4434-8d2f-832a704a7260",
            "2b156bc5-3386-4630-96d9-3047b152e22b"
          ],
[...]
                "diff": null
              },
              "uuid": "96685f85-7d9d-44ec-9e4c-dfeab327d62a",
              "parentUUID": "6f59ba5a-3a63-4c91-9d12-92010632420b",
              "isHook": false,
              "skipped": false
            },
            {
              "title": "Verifica se o novo quadro tem todos os pixels preenchidos com a cor branca",
              "fullTitle": "10 - Faça o quadro de pixels ter seu tamanho definido pelo usuário. Verifica se o novo quadro tem todos os pixels preenchidos com a cor branca",
              "timedOut": null,
              "duration": 4496,
              "state": "failed",
              "speed": null,
              "pass": false,
              "fail": true,
              "pending": false,
              "context": null,
              "code": "cy.get('#board-size').clear().type(6);\ncy.get('#generate-board').click();\ncy.get('.pixel').should('have.length', 36).each(function (pixel) {\n  expect(pixel).to.have.css('background-color', WHITE);\n});",
              "err": {
                "message": "CypressError: Timed out retrying: Expected to find element: '#board-size', but never found it.",
                "estack": "CypressError: Timed out retrying: Expected to find element: '#board-size', but never found it.\n    at cypressErr (http://localhost:37627/__cypress/runner/cypress_runner.js:149934:9)\n    at throwErr (http://localhost:37627/__cypress/runner/cypress_runner.js:149867:11)\n    at Object.throwErrByPath (http://localhost:37627/__cypress/runner/cypress_runner.js:149915:3)\n    at retry (http://localhost:37627/__cypress/runner/cypress_runner.js:144197:19)\n    at onFailFn (http://localhost:37627/__cypress/runner/cypress_runner.js:132448:16)\n    at tryCatcher (http://localhost:37627/__cypress/runner/cypress_runner.js:167415:23)\n    at Promise._settlePromiseFromHandler (http://localhost:37627/__cypress/runner/cypress_runner.js:165351:31)\n    at Promise._settlePromise (http://localhost:37627/__cypress/runner/cypress_runner.js:165408:18)\n    at Promise._settlePromise0 (http://localhost:37627/__cypress/runner/cypress_runner.js:165453:10)\n    at Promise._settlePromises (http://localhost:37627/__cypress/runner/cypress_runner.js:165528:18)\n    at Async../node_modules/bluebird/js/release/async.js.Async._drainQueue (http://localhost:37627/__cypress/runner/cypress_runner.js:162140:16)\n    at Async../node_modules/bluebird/js/release/async.js.Async._drainQueues (http://localhost:37627/__cypress/runner/cypress_runner.js:162150:10)\n    at Async.drainQueues (http://localhost:37627/__cypress/runner/cypress_runner.js:162024:14)",
                "diff": null
              },
              "uuid": "143489c9-f1eb-411f-b769-b02837b97c85",
              "parentUUID": "6f59ba5a-3a63-4c91-9d12-92010632420b",
              "isHook": false,
              "skipped": false
            }
          ],
          "suites": [],
          "passes": [],
          "failures": [
            "b6efbba7-a945-4139-b78f-32c5d7f2f716",
            "accba1e4-c71b-4e05-9b17-2cf9b7629e61",
            "1fd2f2bb-ff7b-4861-b607-0d57f689dd23",
            "207b0822-a08d-4b6a-abea-5868f788a9c3",
            "0384ffd8-ed8e-4992-9d7e-f6c73554a1bc",
            "3d5d198b-c585-4d73-8afd-db00933e2a27",
            "74c20aaf-d779-476a-906e-0e4f4240dc0f",
            "96685f85-7d9d-44ec-9e4c-dfeab327d62a",
            "143489c9-f1eb-411f-b769-b02837b97c85"
          ],
          "pending": [],
          "skipped": [],
          "duration": 39613,
          "root": false,
          "rootEmpty": false,
          "_timeout": 2000
        },
        {
          "uuid": "332b2f89-7dc2-47f4-b3c2-b1c447f5f1bd",
          "title": "11 - Limite o tamanho mínimo e máximo do board.",
          "fullFile": "",
          "file": "",
          "beforeHooks": [],
          "afterHooks": [],
          "tests": [
            {
              "title": "Verifica se a altura máxima do board é 50",
              "fullTitle": "11 - Limite o tamanho mínimo e máximo do board. Verifica se a altura máxima do board é 50",
              "timedOut": null,
              "duration": 4300,
              "state": "failed",
              "speed": null,
              "pass": false,
              "fail": true,
              "pending": false,
              "context": null,
              "code": "cy.get('#board-size').clear().type(50);\ncy.get('#generate-board').click();\ncy.get('.pixel').should('have.length', 2500);",
              "err": {
                "message": "CypressError: Timed out retrying: Expected to find element: '#board-size', but never found it.",
                "estack": "CypressError: Timed out retrying: Expected to find element: '#board-size', but never found it.\n    at cypressErr (http://localhost:37627/__cypress/runner/cypress_runner.js:149934:9)\n    at throwErr (http://localhost:37627/__cypress/runner/cypress_runner.js:149867:11)\n    at Object.throwErrByPath (http://localhost:37627/__cypress/runner/cypress_runner.js:149915:3)\n    at retry (http://localhost:37627/__cypress/runner/cypress_runner.js:144197:19)\n    at onFailFn (http://localhost:37627/__cypress/runner/cypress_runner.js:132448:16)\n    at tryCatcher (http://localhost:37627/__cypress/runner/cypress_runner.js:167415:23)\n    at Promise._settlePromiseFromHandler (http://localhost:37627/__cypress/runner/cypress_runner.js:165351:31)\n    at Promise._settlePromise (http://localhost:37627/__cypress/runner/cypress_runner.js:165408:18)\n    at Promise._settlePromise0 (http://localhost:37627/__cypress/runner/cypress_runner.js:165453:10)\n    at Promise._settlePromises (http://localhost:37627/__cypress/runner/cypress_runner.js:165528:18)\n    at Async../node_modules/bluebird/js/release/async.js.Async._drainQueue (http://localhost:37627/__cypress/runner/cypress_runner.js:162140:16)\n    at Async../node_modules/bluebird/js/release/async.js.Async._drainQueues (http://localhost:37627/__cypress/runner/cypress_runner.js:162150:10)\n    at Async.drainQueues (http://localhost:37627/__cypress/runner/cypress_runner.js:162024:14)",
                "diff": null
              },
              "uuid": "1e4fd1d2-91c8-4009-92ae-11fb073f3618",
              "parentUUID": "332b2f89-7dc2-47f4-b3c2-b1c447f5f1bd",
              "isHook": false,
              "skipped": false
            },
            {
              "title": "Verifica se a altura do board é 5 quando um valor menor é colocado no input",
              "fullTitle": "11 - Limite o tamanho mínimo e máximo do board. Verifica se a altura do board é 5 quando um valor menor é colocado no input",
              "timedOut": null,
              "duration": 4374,
              "state": "failed",
              "speed": null,
              "pass": false,
              "fail": true,
              "pending": false,
              "context": null,
              "code": "cy.get('#board-size').clear().type(4);\ncy.get('#generate-board').click();\ncy.get('.pixel').should('have.length', 25);",
              "err": {
                "message": "CypressError: Timed out retrying: Expected to find element: '#board-size', but never found it.",
                "estack": "CypressError: Timed out retrying: Expected to find element: '#board-size', but never found it.\n    at cypressErr (http://localhost:37627/__cypress/runner/cypress_runner.js:149934:9)\n    at throwErr (http://localhost:37627/__cypress/runner/cypress_runner.js:149867:11)\n    at Object.throwErrByPath (http://localhost:37627/__cypress/runner/cypress_runner.js:149915:3)\n    at retry (http://localhost:37627/__cypress/runner/cypress_runner.js:144197:19)\n    at onFailFn (http://localhost:37627/__cypress/runner/cypress_runner.js:132448:16)\n    at tryCatcher (http://localhost:37627/__cypress/runner/cypress_runner.js:167415:23)\n    at Promise._settlePromiseFromHandler (http://localhost:37627/__cypress/runner/cypress_runner.js:165351:31)\n    at Promise._settlePromise (http://localhost:37627/__cypress/runner/cypress_runner.js:165408:18)\n    at Promise._settlePromise0 (http://localhost:37627/__cypress/runner/cypress_runner.js:165453:10)\n    at Promise._settlePromises (http://localhost:37627/__cypress/runner/cypress_runner.js:165528:18)\n    at Async../node_modules/bluebird/js/release/async.js.Async._drainQueue (http://localhost:37627/__cypress/runner/cypress_runner.js:162140:16)\n    at Async../node_modules/bluebird/js/release/async.js.Async._drainQueues (http://localhost:37627/__cypress/runner/cypress_runner.js:162150:10)\n    at Async.drainQueues (http://localhost:37627/__cypress/runner/cypress_runner.js:162024:14)",
                "diff": null
              },
              "uuid": "e041d5b3-902a-4874-bea9-bd61c7728895",
              "parentUUID": "332b2f89-7dc2-47f4-b3c2-b1c447f5f1bd",
              "isHook": false,
              "skipped": false
            },
            {
              "title": "Verifica se a altura do board é 50 quando um valor maior é colocado no input",
              "fullTitle": "11 - Limite o tamanho mínimo e máximo do board. Verifica se a altura do board é 50 quando um valor maior é colocado no input",
              "timedOut": null,
              "duration": 4294,
              "state": "failed",
              "speed": null,
              "pass": false,
              "fail": true,
              "pending": false,
              "context": null,
              "code": "cy.get('#board-size').clear().type(51);\ncy.get('#generate-board').click();\ncy.get('.pixel').should('have.length', 2500);",
              "err": {
                "message": "CypressError: Timed out retrying: Expected to find element: '#board-size', but never found it.",
                "estack": "CypressError: Timed out retrying: Expected to find element: '#board-size', but never found it.\n    at cypressErr (http://localhost:37627/__cypress/runner/cypress_runner.js:149934:9)\n    at throwErr (http://localhost:37627/__cypress/runner/cypress_runner.js:149867:11)\n    at Object.throwErrByPath (http://localhost:37627/__cypress/runner/cypress_runner.js:149915:3)\n    at retry (http://localhost:37627/__cypress/runner/cypress_runner.js:144197:19)\n    at onFailFn (http://localhost:37627/__cypress/runner/cypress_runner.js:132448:16)\n    at tryCatcher (http://localhost:37627/__cypress/runner/cypress_runner.js:167415:23)\n    at Promise._settlePromiseFromHandler (http://localhost:37627/__cypress/runner/cypress_runner.js:165351:31)\n    at Promise._settlePromise (http://localhost:37627/__cypress/runner/cypress_runner.js:165408:18)\n    at Promise._settlePromise0 (http://localhost:37627/__cypress/runner/cypress_runner.js:165453:10)\n    at Promise._settlePromises (http://localhost:37627/__cypress/runner/cypress_runner.js:165528:18)\n    at Async../node_modules/bluebird/js/release/async.js.Async._drainQueue (http://localhost:37627/__cypress/runner/cypress_runner.js:162140:16)\n    at Async../node_modules/bluebird/js/release/async.js.Async._drainQueues (http://localhost:37627/__cypress/runner/cypress_runner.js:162150:10)\n    at Async.drainQueues (http://localhost:37627/__cypress/runner/cypress_runner.js:162024:14)",
                "diff": null
              },
              "uuid": "0b99bfb0-feaa-4e66-81bf-956a4f2eec6f",
              "parentUUID": "332b2f89-7dc2-47f4-b3c2-b1c447f5f1bd",
              "isHook": false,
              "skipped": false
            }
          ],
          "suites": [],
          "passes": [],
          "failures": [
            "1e4fd1d2-91c8-4009-92ae-11fb073f3618",
            "e041d5b3-902a-4874-bea9-bd61c7728895",
            "0b99bfb0-feaa-4e66-81bf-956a4f2eec6f"
          ],
          "pending": [],
          "skipped": [],
          "duration": 12968,
          "root": false,
          "rootEmpty": false,
          "_timeout": 2000
        },
        {
          "uuid": "ef368753-a514-433b-b639-97e6487b368e",
          "title": "12 - Faça com que as cores da paleta sejam geradas aleatoriamente ao carregar a página.",
          "fullFile": "",
          "file": "",
          "beforeHooks": [],
          "afterHooks": [],
          "tests": [
            {
              "title": "Verifica se as cores geradas na paleta são diferentes a cada carregamento da página",
              "fullTitle": "12 - Faça com que as cores da paleta sejam geradas aleatoriamente ao carregar a página. Verifica se as cores geradas na paleta são diferentes a cada carregamento da página",
              "timedOut": null,
              "duration": 4376,
              "state": "failed",
              "speed": null,
              "pass": false,
              "fail": true,
              "pending": false,
              "context": null,
              "code": "cy.get('.color').then(function (colors) {\n  var currentColors;\n  var previousColors;\n  previousColors = Array.from(colors).map(function (color) {\n    return Cypress.$(color).css('background-color');\n  });\n  for (var i = 0; i < 5; i += 1) {\n    cy.reload();\n    cy.get('.color').then(function (colors) {\n      currentColors = Array.from(colors).map(function (color) {\n        return Cypress.$(color).css('background-color');\n      });\n      expect(currentColors).not.to.deep.equal(previousColors);\n      previousColors = currentColors;\n    });\n  }\n});",
              "err": {
                "message": "CypressError: Timed out retrying: Expected to find element: '.color', but never found it.",
                "estack": "CypressError: Timed out retrying: Expected to find element: '.color', but never found it.\n    at cypressErr (http://localhost:37627/__cypress/runner/cypress_runner.js:149934:9)\n    at throwErr (http://localhost:37627/__cypress/runner/cypress_runner.js:149867:11)\n    at Object.throwErrByPath (http://localhost:37627/__cypress/runner/cypress_runner.js:149915:3)\n    at retry (http://localhost:37627/__cypress/runner/cypress_runner.js:144197:19)\n    at onFailFn (http://localhost:37627/__cypress/runner/cypress_runner.js:132448:16)\n    at tryCatcher (http://localhost:37627/__cypress/runner/cypress_runner.js:167415:23)\n    at Promise._settlePromiseFromHandler (http://localhost:37627/__cypress/runner/cypress_runner.js:165351:31)\n    at Promise._settlePromise (http://localhost:37627/__cypress/runner/cypress_runner.js:165408:18)\n    at Promise._settlePromise0 (http://localhost:37627/__cypress/runner/cypress_runner.js:165453:10)\n    at Promise._settlePromises (http://localhost:37627/__cypress/runner/cypress_runner.js:165528:18)\n    at Async../node_modules/bluebird/js/release/async.js.Async._drainQueue (http://localhost:37627/__cypress/runner/cypress_runner.js:162140:16)\n    at Async../node_modules/bluebird/js/release/async.js.Async._drainQueues (http://localhost:37627/__cypress/runner/cypress_runner.js:162150:10)\n    at Async.drainQueues (http://localhost:37627/__cypress/runner/cypress_runner.js:162024:14)",
                "diff": null
              },
              "uuid": "022f0f29-5ed9-4e60-8610-17b325b6ac56",
              "parentUUID": "ef368753-a514-433b-b639-97e6487b368e",
              "isHook": false,
              "skipped": false
            },
            {
              "title": "Verifica se a cor preta ainda está presente e é a primeira na sua paleta de cores",
              "fullTitle": "12 - Faça com que as cores da paleta sejam geradas aleatoriamente ao carregar a página. Verifica se a cor preta ainda está presente e é a primeira na sua paleta de cores",
              "timedOut": null,
              "duration": 4351,
              "state": "failed",
              "speed": null,
              "pass": false,
              "fail": true,
              "pending": false,
              "context": null,
              "code": "cy.get('.color').then(function (colors) {\n  var currentColors;\n  var previousColors;\n  previousColors = Array.from(colors).map(function (color) {\n    return Cypress.$(color).css('background-color');\n  });\n  expect(previousColors[0]).to.eq(BLACK);\n  for (var i = 0; i < 5; i += 1) {\n    cy.reload();\n    cy.get('.color').then(function (colors) {\n      currentColors = Array.from(colors).map(function (color) {\n        return Cypress.$(color).css('background-color');\n      });\n      expect(currentColors[0]).to.eq(BLACK);\n      expect(currentColors).not.to.deep.equal(previousColors);\n      previousColors = currentColors;\n    });\n  }\n});",
              "err": {
                "message": "CypressError: Timed out retrying: Expected to find element: '.color', but never found it.",
                "estack": "CypressError: Timed out retrying: Expected to find element: '.color', but never found it.\n    at cypressErr (http://localhost:37627/__cypress/runner/cypress_runner.js:149934:9)\n    at throwErr (http://localhost:37627/__cypress/runner/cypress_runner.js:149867:11)\n    at Object.throwErrByPath (http://localhost:37627/__cypress/runner/cypress_runner.js:149915:3)\n    at retry (http://localhost:37627/__cypress/runner/cypress_runner.js:144197:19)\n    at onFailFn (http://localhost:37627/__cypress/runner/cypress_runner.js:132448:16)\n    at tryCatcher (http://localhost:37627/__cypress/runner/cypress_runner.js:167415:23)\n    at Promise._settlePromiseFromHandler (http://localhost:37627/__cypress/runner/cypress_runner.js:165351:31)\n    at Promise._settlePromise (http://localhost:37627/__cypress/runner/cypress_runner.js:165408:18)\n    at Promise._settlePromise0 (http://localhost:37627/__cypress/runner/cypress_runner.js:165453:10)\n    at Promise._settlePromises (http://localhost:37627/__cypress/runner/cypress_runner.js:165528:18)\n    at Async../node_modules/bluebird/js/release/async.js.Async._drainQueue (http://localhost:37627/__cypress/runner/cypress_runner.js:162140:16)\n    at Async../node_modules/bluebird/js/release/async.js.Async._drainQueues (http://localhost:37627/__cypress/runner/cypress_runner.js:162150:10)\n    at Async.drainQueues (http://localhost:37627/__cypress/runner/cypress_runner.js:162024:14)",
                "diff": null
              },
              "uuid": "ddf44e03-685a-4f2f-b834-ee1075cbb69d",
              "parentUUID": "ef368753-a514-433b-b639-97e6487b368e",
              "isHook": false,
              "skipped": false
            }
          ],
          "suites": [],
          "passes": [],
          "failures": [
            "022f0f29-5ed9-4e60-8610-17b325b6ac56",
            "ddf44e03-685a-4f2f-b834-ee1075cbb69d"
          ],
          "pending": [],
          "skipped": [],
          "duration": 8727,
          "root": false,
          "rootEmpty": false,
          "_timeout": 2000
        }
      ],
      "passes": [],
      "failures": [],
      "pending": [],
      "skipped": [],
      "duration": 0,
      "root": true,
      "rootEmpty": true,
      "_timeout": 2000
    }
  ],
  "meta": {
    "mocha": {
      "version": "7.0.1"
    },
    "mochawesome": {
      "options": {
        "quiet": false,
        "reportFilename": "mochawesome",
        "saveHtml": false,
        "saveJson": true,
        "consoleReporter": "spec",
        "useInlineDiffs": false
      },
      "version": "4.1.0"
    },
    "marge": {
      "options": {
        "id": "default",
        "reportDir": "cypress/reports",
        "overwrite": true,
        "html": false,
        "json": true
      },
      "version": "4.1.0"
    }
  }
}